<?xml version="1.0" encoding="UTF-8"?>
<coverage generated="1782678363709" clover="3.2.0">
  <project timestamp="1782678363710" name="All files">
    <metrics statements="138" coveredstatements="136" conditionals="79" coveredconditionals="76" methods="19" coveredmethods="19" elements="236" coveredelements="231" complexity="0" loc="138" ncloc="138" packages="1" files="2" classes="2"/>
    <file name="cardRoleEngine.ts" path="C:\Users\ebrah\SmartCard\src\engines\cardRoleEngine.ts">
      <metrics statements="87" coveredstatements="87" conditionals="49" coveredconditionals="48" methods="11" coveredmethods="11"/>
      <line num="1" count="2" type="stmt"/>
      <line num="6" count="2" type="stmt"/>
      <line num="18" count="2" type="stmt"/>
      <line num="22" count="8" type="cond" truecount="1" falsecount="0"/>
      <line num="23" count="3" type="cond" truecount="1" falsecount="0"/>
      <line num="27" count="2" type="stmt"/>
      <line num="29" count="1" type="cond" truecount="1" falsecount="0"/>
      <line num="30" count="1" type="stmt"/>
      <line num="34" count="5" type="cond" truecount="1" falsecount="0"/>
      <line num="35" count="2" type="stmt"/>
      <line num="38" count="3" type="stmt"/>
      <line num="41" count="2" type="stmt"/>
      <line num="42" count="2" type="stmt"/>
      <line num="43" count="2" type="stmt"/>
      <line num="44" count="2" type="stmt"/>
      <line num="46" count="2" type="stmt"/>
      <line num="49" count="64" type="cond" truecount="3" falsecount="0"/>
      <line num="53" count="26" type="stmt"/>
      <line num="57" count="20" type="cond" truecount="1" falsecount="0"/>
      <line num="58" count="6" type="stmt"/>
      <line num="61" count="14" type="stmt"/>
      <line num="62" count="14" type="cond" truecount="1" falsecount="1"/>
      <line num="65" count="2" type="stmt"/>
      <line num="66" count="34" type="cond" truecount="1" falsecount="0"/>
      <line num="67" count="14" type="stmt"/>
      <line num="70" count="20" type="stmt"/>
      <line num="71" count="20" type="cond" truecount="1" falsecount="0"/>
      <line num="72" count="14" type="stmt"/>
      <line num="75" count="6" type="cond" truecount="1" falsecount="0"/>
      <line num="79" count="1" type="stmt"/>
      <line num="82" count="5" type="cond" truecount="1" falsecount="0"/>
      <line num="83" count="1" type="stmt"/>
      <line num="86" count="4" type="cond" truecount="1" falsecount="0"/>
      <line num="87" count="1" type="stmt"/>
      <line num="90" count="3" type="cond" truecount="3" falsecount="0"/>
      <line num="91" count="1" type="stmt"/>
      <line num="94" count="2" type="cond" truecount="1" falsecount="0"/>
      <line num="95" count="1" type="stmt"/>
      <line num="98" count="1" type="stmt"/>
      <line num="108" count="34" type="cond" truecount="1" falsecount="0"/>
      <line num="112" count="8" type="stmt"/>
      <line num="120" count="26" type="stmt"/>
      <line num="121" count="26" type="stmt"/>
      <line num="122" count="26" type="stmt"/>
      <line num="124" count="26" type="cond" truecount="1" falsecount="0"/>
      <line num="125" count="1" type="stmt"/>
      <line num="126" count="1" type="stmt"/>
      <line num="127" count="1" type="stmt"/>
      <line num="130" count="26" type="cond" truecount="1" falsecount="0"/>
      <line num="131" count="22" type="stmt"/>
      <line num="132" count="22" type="stmt"/>
      <line num="133" count="22" type="stmt"/>
      <line num="136" count="26" type="stmt"/>
      <line num="138" count="26" type="cond" truecount="1" falsecount="0"/>
      <line num="139" count="5" type="cond" truecount="1" falsecount="0"/>
      <line num="140" count="2" type="stmt"/>
      <line num="141" count="2" type="stmt"/>
      <line num="142" count="2" type="stmt"/>
      <line num="145" count="5" type="stmt"/>
      <line num="146" count="5" type="stmt"/>
      <line num="149" count="5" type="cond" truecount="3" falsecount="0"/>
      <line num="153" count="5" type="cond" truecount="2" falsecount="0"/>
      <line num="155" count="1" type="stmt"/>
      <line num="156" count="1" type="stmt"/>
      <line num="157" count="1" type="stmt"/>
      <line num="158" count="4" type="cond" truecount="1" falsecount="0"/>
      <line num="159" count="1" type="stmt"/>
      <line num="160" count="1" type="stmt"/>
      <line num="164" count="26" type="cond" truecount="1" falsecount="0"/>
      <line num="169" count="2" type="stmt"/>
      <line num="170" count="2" type="stmt"/>
      <line num="171" count="2" type="stmt"/>
      <line num="174" count="26" type="stmt"/>
      <line num="176" count="26" type="stmt"/>
      <line num="184" count="2" type="stmt"/>
      <line num="191" count="35" type="stmt"/>
      <line num="193" count="21" type="cond" truecount="1" falsecount="0"/>
      <line num="194" count="1" type="stmt"/>
      <line num="197" count="20" type="stmt"/>
      <line num="199" count="34" type="stmt"/>
      <line num="208" count="34" type="stmt"/>
      <line num="211" count="20" type="cond" truecount="1" falsecount="0"/>
      <line num="212" count="1" type="stmt"/>
      <line num="215" count="19" type="stmt"/>
      <line num="220" count="26" type="cond" truecount="3" falsecount="0"/>
      <line num="221" count="24" type="stmt"/>
      <line num="224" count="2" type="stmt"/>
    </file>
    <file name="purchaseGate.ts" path="C:\Users\ebrah\SmartCard\src\engines\purchaseGate.ts">
      <metrics statements="51" coveredstatements="49" conditionals="30" coveredconditionals="28" methods="8" coveredmethods="8"/>
      <line num="1" count="2" type="stmt"/>
      <line num="8" count="2" type="stmt"/>
      <line num="10" count="2" type="stmt"/>
      <line num="11" count="2" type="stmt"/>
      <line num="12" count="2" type="stmt"/>
      <line num="13" count="2" type="stmt"/>
      <line num="14" count="2" type="stmt"/>
      <line num="23" count="44" type="stmt"/>
      <line num="32" count="44" type="cond" truecount="2" falsecount="0"/>
      <line num="41" count="17" type="stmt"/>
      <line num="42" count="15" type="stmt"/>
      <line num="50" count="19" type="cond" truecount="1" falsecount="0"/>
      <line num="51" count="16" type="stmt"/>
      <line num="54" count="3" type="stmt"/>
      <line num="56" count="3" type="cond" truecount="3" falsecount="0"/>
      <line num="57" count="1" type="stmt"/>
      <line num="60" count="2" type="stmt"/>
      <line num="62" count="2" type="stmt"/>
      <line num="69" count="19" type="stmt"/>
      <line num="70" count="18" type="cond" truecount="0" falsecount="1"/>
      <line num="71" count="0" type="stmt"/>
      <line num="74" count="18" type="stmt"/>
      <line num="88" count="14" type="stmt"/>
      <line num="90" count="14" type="cond" truecount="1" falsecount="0"/>
      <line num="96" count="1" type="stmt"/>
      <line num="99" count="13" type="stmt"/>
      <line num="102" count="2" type="stmt"/>
      <line num="106" count="44" type="cond" truecount="1" falsecount="0"/>
      <line num="107" count="9" type="stmt"/>
      <line num="115" count="35" type="cond" truecount="1" falsecount="0"/>
      <line num="119" count="10" type="stmt"/>
      <line num="127" count="25" type="cond" truecount="1" falsecount="0"/>
      <line num="128" count="6" type="stmt"/>
      <line num="136" count="19" type="stmt"/>
      <line num="138" count="19" type="stmt"/>
      <line num="144" count="19" type="cond" truecount="1" falsecount="0"/>
      <line num="145" count="5" type="stmt"/>
      <line num="154" count="14" type="stmt"/>
      <line num="156" count="14" type="cond" truecount="1" falsecount="0"/>
      <line num="160" count="2" type="stmt"/>
      <line num="169" count="12" type="stmt"/>
      <line num="170" count="12" type="stmt"/>
      <line num="172" count="12" type="cond" truecount="0" falsecount="1"/>
      <line num="173" count="0" type="stmt"/>
      <line num="182" count="12" type="cond" truecount="1" falsecount="0"/>
      <line num="187" count="1" type="stmt"/>
      <line num="196" count="11" type="cond" truecount="1" falsecount="0"/>
      <line num="200" count="1" type="stmt"/>
      <line num="209" count="10" type="cond" truecount="1" falsecount="0"/>
      <line num="210" count="2" type="stmt"/>
      <line num="219" count="8" type="stmt"/>
    </file>
  </project>
</coverage>
