{"C:\\Users\\ebrah\\SmartCard\\src\\engines\\cardRoleEngine.ts": {"path":"C:\\Users\\ebrah\\SmartCard\\src\\engines\\cardRoleEngine.ts","statementMap":{"0":{"start":{"line":27,"column":0},"end":{"line":27,"column":16}},"1":{"start":{"line":123,"column":0},"end":{"line":123,"column":16}},"2":{"start":{"line":1,"column":0},"end":{"line":1,"column":null}},"3":{"start":{"line":6,"column":0},"end":{"line":6,"column":59}},"4":{"start":{"line":9,"column":31},"end":{"line":9,"column":68}},"5":{"start":{"line":10,"column":31},"end":{"line":10,"column":75}},"6":{"start":{"line":11,"column":26},"end":{"line":11,"column":50}},"7":{"start":{"line":12,"column":26},"end":{"line":12,"column":54}},"8":{"start":{"line":15,"column":2},"end":{"line":15,"column":43}},"9":{"start":{"line":19,"column":2},"end":{"line":21,"column":3}},"10":{"start":{"line":20,"column":4},"end":{"line":20,"column":16}},"11":{"start":{"line":23,"column":20},"end":{"line":23,"column":33}},"12":{"start":{"line":24,"column":2},"end":{"line":24,"column":25}},"13":{"start":{"line":28,"column":2},"end":{"line":30,"column":3}},"14":{"start":{"line":29,"column":4},"end":{"line":29,"column":28}},"15":{"start":{"line":32,"column":20},"end":{"line":32,"column":42}},"16":{"start":{"line":33,"column":2},"end":{"line":35,"column":3}},"17":{"start":{"line":34,"column":4},"end":{"line":34,"column":21}},"18":{"start":{"line":37,"column":2},"end":{"line":42,"column":3}},"19":{"start":{"line":41,"column":4},"end":{"line":41,"column":27}},"20":{"start":{"line":44,"column":2},"end":{"line":46,"column":3}},"21":{"start":{"line":45,"column":4},"end":{"line":45,"column":34}},"22":{"start":{"line":48,"column":2},"end":{"line":50,"column":3}},"23":{"start":{"line":49,"column":4},"end":{"line":49,"column":30}},"24":{"start":{"line":52,"column":2},"end":{"line":54,"column":3}},"25":{"start":{"line":53,"column":4},"end":{"line":53,"column":33}},"26":{"start":{"line":56,"column":2},"end":{"line":58,"column":3}},"27":{"start":{"line":57,"column":4},"end":{"line":57,"column":29}},"28":{"start":{"line":60,"column":2},"end":{"line":60,"column":24}},"29":{"start":{"line":69,"column":14},"end":{"line":69,"column":16}},"30":{"start":{"line":70,"column":30},"end":{"line":70,"column":32}},"31":{"start":{"line":71,"column":30},"end":{"line":71,"column":32}},"32":{"start":{"line":73,"column":2},"end":{"line":77,"column":3}},"33":{"start":{"line":74,"column":4},"end":{"line":74,"column":16}},"34":{"start":{"line":75,"column":4},"end":{"line":75,"column":43}},"35":{"start":{"line":76,"column":4},"end":{"line":76,"column":43}},"36":{"start":{"line":79,"column":2},"end":{"line":83,"column":3}},"37":{"start":{"line":80,"column":4},"end":{"line":80,"column":16}},"38":{"start":{"line":81,"column":4},"end":{"line":81,"column":54}},"39":{"start":{"line":82,"column":4},"end":{"line":82,"column":59}},"40":{"start":{"line":85,"column":15},"end":{"line":85,"column":48}},"41":{"start":{"line":87,"column":2},"end":{"line":101,"column":3}},"42":{"start":{"line":88,"column":4},"end":{"line":92,"column":5}},"43":{"start":{"line":89,"column":6},"end":{"line":89,"column":18}},"44":{"start":{"line":90,"column":6},"end":{"line":90,"column":44}},"45":{"start":{"line":91,"column":6},"end":{"line":91,"column":48}},"46":{"start":{"line":94,"column":22},"end":{"line":94,"column":66}},"47":{"start":{"line":95,"column":4},"end":{"line":95,"column":23}},"48":{"start":{"line":97,"column":4},"end":{"line":100,"column":5}},"49":{"start":{"line":98,"column":6},"end":{"line":98,"column":56}},"50":{"start":{"line":99,"column":6},"end":{"line":99,"column":54}},"51":{"start":{"line":103,"column":2},"end":{"line":111,"column":3}},"52":{"start":{"line":108,"column":4},"end":{"line":108,"column":15}},"53":{"start":{"line":109,"column":4},"end":{"line":109,"column":43}},"54":{"start":{"line":110,"column":4},"end":{"line":110,"column":41}},"55":{"start":{"line":113,"column":2},"end":{"line":113,"column":47}},"56":{"start":{"line":115,"column":2},"end":{"line":120,"column":4}},"57":{"start":{"line":129,"column":22},"end":{"line":129,"column":79}},"58":{"start":{"line":129,"column":65},"end":{"line":129,"column":78}},"59":{"start":{"line":131,"column":2},"end":{"line":133,"column":3}},"60":{"start":{"line":132,"column":4},"end":{"line":132,"column":16}},"61":{"start":{"line":135,"column":2},"end":{"line":146,"column":4}},"62":{"start":{"line":137,"column":24},"end":{"line":137,"column":87}},"63":{"start":{"line":139,"column":6},"end":{"line":141,"column":7}},"64":{"start":{"line":140,"column":8},"end":{"line":140,"column":25}},"65":{"start":{"line":143,"column":6},"end":{"line":143,"column":18}}},"fnMap":{"0":{"name":"clampScore","decl":{"start":{"line":14,"column":9},"end":{"line":14,"column":19}},"loc":{"start":{"line":14,"column":33},"end":{"line":16,"column":1}}},"1":{"name":"hasSingleRoleTag","decl":{"start":{"line":18,"column":9},"end":{"line":18,"column":25}},"loc":{"start":{"line":18,"column":41},"end":{"line":25,"column":1}}},"2":{"name":"assignCardRole","decl":{"start":{"line":27,"column":16},"end":{"line":27,"column":30}},"loc":{"start":{"line":27,"column":73},"end":{"line":61,"column":1}}},"3":{"name":"scoreCard","decl":{"start":{"line":63,"column":9},"end":{"line":63,"column":18}},"loc":{"start":{"line":67,"column":26},"end":{"line":121,"column":1}}},"4":{"name":"recommendCard","decl":{"start":{"line":123,"column":16},"end":{"line":123,"column":29}},"loc":{"start":{"line":127,"column":26},"end":{"line":147,"column":1}}},"5":{"name":"(anonymous_5)","decl":{"start":{"line":129,"column":35},"end":{"line":129,"column":36}},"loc":{"start":{"line":129,"column":65},"end":{"line":129,"column":78}}},"6":{"name":"(anonymous_6)","decl":{"start":{"line":136,"column":4},"end":{"line":136,"column":5}},"loc":{"start":{"line":136,"column":84},"end":{"line":144,"column":5}}}},"branchMap":{"0":{"loc":{"start":{"line":19,"column":2},"end":{"line":21,"column":3}},"type":"if","locations":[{"start":{"line":19,"column":2},"end":{"line":21,"column":3}}]},"1":{"loc":{"start":{"line":24,"column":9},"end":{"line":24,"column":24}},"type":"binary-expr","locations":[{"start":{"line":24,"column":9},"end":{"line":24,"column":16}},{"start":{"line":24,"column":20},"end":{"line":24,"column":24}}]},"2":{"loc":{"start":{"line":28,"column":2},"end":{"line":30,"column":3}},"type":"if","locations":[{"start":{"line":28,"column":2},"end":{"line":30,"column":3}}]},"3":{"loc":{"start":{"line":33,"column":2},"end":{"line":35,"column":3}},"type":"if","locations":[{"start":{"line":33,"column":2},"end":{"line":35,"column":3}}]},"4":{"loc":{"start":{"line":37,"column":2},"end":{"line":42,"column":3}},"type":"if","locations":[{"start":{"line":37,"column":2},"end":{"line":42,"column":3}}]},"5":{"loc":{"start":{"line":38,"column":4},"end":{"line":39,"column":39}},"type":"binary-expr","locations":[{"start":{"line":38,"column":4},"end":{"line":38,"column":59}},{"start":{"line":39,"column":4},"end":{"line":39,"column":39}}]},"6":{"loc":{"start":{"line":44,"column":2},"end":{"line":46,"column":3}},"type":"if","locations":[{"start":{"line":44,"column":2},"end":{"line":46,"column":3}}]},"7":{"loc":{"start":{"line":48,"column":2},"end":{"line":50,"column":3}},"type":"if","locations":[{"start":{"line":48,"column":2},"end":{"line":50,"column":3}}]},"8":{"loc":{"start":{"line":52,"column":2},"end":{"line":54,"column":3}},"type":"if","locations":[{"start":{"line":52,"column":2},"end":{"line":54,"column":3}}]},"9":{"loc":{"start":{"line":52,"column":6},"end":{"line":52,"column":80}},"type":"binary-expr","locations":[{"start":{"line":52,"column":6},"end":{"line":52,"column":31}},{"start":{"line":52,"column":35},"end":{"line":52,"column":80}}]},"10":{"loc":{"start":{"line":56,"column":2},"end":{"line":58,"column":3}},"type":"if","locations":[{"start":{"line":56,"column":2},"end":{"line":58,"column":3}}]},"11":{"loc":{"start":{"line":73,"column":2},"end":{"line":77,"column":3}},"type":"if","locations":[{"start":{"line":73,"column":2},"end":{"line":77,"column":3}}]},"12":{"loc":{"start":{"line":79,"column":2},"end":{"line":83,"column":3}},"type":"if","locations":[{"start":{"line":79,"column":2},"end":{"line":83,"column":3}}]},"13":{"loc":{"start":{"line":87,"column":2},"end":{"line":101,"column":3}},"type":"if","locations":[{"start":{"line":87,"column":2},"end":{"line":101,"column":3}}]},"14":{"loc":{"start":{"line":88,"column":4},"end":{"line":92,"column":5}},"type":"if","locations":[{"start":{"line":88,"column":4},"end":{"line":92,"column":5}}]},"15":{"loc":{"start":{"line":97,"column":4},"end":{"line":100,"column":5}},"type":"if","locations":[{"start":{"line":97,"column":4},"end":{"line":100,"column":5}}]},"16":{"loc":{"start":{"line":103,"column":2},"end":{"line":111,"column":3}},"type":"if","locations":[{"start":{"line":103,"column":2},"end":{"line":111,"column":3}}]},"17":{"loc":{"start":{"line":104,"column":4},"end":{"line":106,"column":42}},"type":"binary-expr","locations":[{"start":{"line":104,"column":4},"end":{"line":104,"column":38}},{"start":{"line":105,"column":4},"end":{"line":105,"column":31}},{"start":{"line":106,"column":4},"end":{"line":106,"column":42}}]},"18":{"loc":{"start":{"line":118,"column":17},"end":{"line":118,"column":80}},"type":"cond-expr","locations":[{"start":{"line":118,"column":40},"end":{"line":118,"column":60}},{"start":{"line":118,"column":63},"end":{"line":118,"column":80}}]},"19":{"loc":{"start":{"line":119,"column":19},"end":{"line":119,"column":82}},"type":"cond-expr","locations":[{"start":{"line":119,"column":42},"end":{"line":119,"column":62}},{"start":{"line":119,"column":65},"end":{"line":119,"column":82}}]},"20":{"loc":{"start":{"line":131,"column":2},"end":{"line":133,"column":3}},"type":"if","locations":[{"start":{"line":131,"column":2},"end":{"line":133,"column":3}}]},"21":{"loc":{"start":{"line":139,"column":6},"end":{"line":141,"column":7}},"type":"if","locations":[{"start":{"line":139,"column":6},"end":{"line":141,"column":7}}]},"22":{"loc":{"start":{"line":139,"column":10},"end":{"line":139,"column":55}},"type":"binary-expr","locations":[{"start":{"line":139,"column":10},"end":{"line":139,"column":23}},{"start":{"line":139,"column":27},"end":{"line":139,"column":55}}]}},"s":{"0":1,"1":1,"2":1,"3":1,"4":1,"5":1,"6":1,"7":1,"8":12,"9":16,"10":6,"11":10,"12":10,"13":20,"14":4,"15":16,"16":16,"17":10,"18":6,"19":1,"20":5,"21":1,"22":4,"23":1,"24":3,"25":1,"26":2,"27":1,"28":1,"29":12,"30":12,"31":12,"32":12,"33":1,"34":1,"35":1,"36":12,"37":9,"38":9,"39":9,"40":12,"41":12,"42":3,"43":2,"44":2,"45":2,"46":3,"47":3,"48":3,"49":1,"50":1,"51":12,"52":2,"53":2,"54":2,"55":12,"56":12,"57":8,"58":13,"59":8,"60":1,"61":7,"62":12,"63":12,"64":11,"65":1},"f":{"0":12,"1":16,"2":20,"3":12,"4":8,"5":13,"6":12},"b":{"0":[6],"1":[10,0],"2":[4],"3":[10],"4":[1],"5":[6,6],"6":[1],"7":[1],"8":[1],"9":[3,3],"10":[1],"11":[1],"12":[9],"13":[3],"14":[2],"15":[1],"16":[2],"17":[12,12,3],"18":[10,2],"19":[10,2],"20":[1],"21":[11],"22":[12,5]}}
,"C:\\Users\\ebrah\\SmartCard\\src\\engines\\purchaseGate.ts": {"path":"C:\\Users\\ebrah\\SmartCard\\src\\engines\\purchaseGate.ts","statementMap":{"0":{"start":{"line":60,"column":0},"end":{"line":60,"column":16}},"1":{"start":{"line":4,"column":0},"end":{"line":4,"column":51}},"2":{"start":{"line":5,"column":0},"end":{"line":5,"column":58}},"3":{"start":{"line":7,"column":18},"end":{"line":7,"column":37}},"4":{"start":{"line":8,"column":38},"end":{"line":8,"column":41}},"5":{"start":{"line":9,"column":35},"end":{"line":9,"column":38}},"6":{"start":{"line":12,"column":2},"end":{"line":14,"column":3}},"7":{"start":{"line":13,"column":4},"end":{"line":13,"column":17}},"8":{"start":{"line":16,"column":20},"end":{"line":16,"column":36}},"9":{"start":{"line":17,"column":28},"end":{"line":17,"column":52}},"10":{"start":{"line":19,"column":2},"end":{"line":21,"column":3}},"11":{"start":{"line":20,"column":4},"end":{"line":20,"column":17}},"12":{"start":{"line":23,"column":20},"end":{"line":23,"column":49}},"13":{"start":{"line":25,"column":2},"end":{"line":25,"column":49}},"14":{"start":{"line":32,"column":2},"end":{"line":34,"column":3}},"15":{"start":{"line":33,"column":4},"end":{"line":33,"column":21}},"16":{"start":{"line":36,"column":15},"end":{"line":37,"column":null}},"17":{"start":{"line":37,"column":21},"end":{"line":37,"column":58}},"18":{"start":{"line":40,"column":2},"end":{"line":42,"column":3}},"19":{"start":{"line":41,"column":4},"end":{"line":41,"column":21}},"20":{"start":{"line":44,"column":21},"end":{"line":44,"column":66}},"21":{"start":{"line":46,"column":2},"end":{"line":46,"column":78}},"22":{"start":{"line":50,"column":2},"end":{"line":57,"column":4}},"23":{"start":{"line":64,"column":2},"end":{"line":66,"column":3}},"24":{"start":{"line":65,"column":4},"end":{"line":65,"column":49}},"25":{"start":{"line":69,"column":4},"end":{"line":69,"column":83}},"26":{"start":{"line":70,"column":29},"end":{"line":70,"column":67}},"27":{"start":{"line":72,"column":2},"end":{"line":88,"column":3}},"28":{"start":{"line":76,"column":39},"end":{"line":83,"column":6}},"29":{"start":{"line":85,"column":4},"end":{"line":87,"column":44}},"30":{"start":{"line":90,"column":2},"end":{"line":103,"column":3}},"31":{"start":{"line":91,"column":39},"end":{"line":98,"column":6}},"32":{"start":{"line":100,"column":4},"end":{"line":102,"column":44}},"33":{"start":{"line":105,"column":2},"end":{"line":118,"column":3}},"34":{"start":{"line":106,"column":39},"end":{"line":113,"column":6}},"35":{"start":{"line":115,"column":4},"end":{"line":117,"column":44}},"36":{"start":{"line":120,"column":37},"end":{"line":127,"column":4}},"37":{"start":{"line":129,"column":2},"end":{"line":131,"column":42}}},"fnMap":{"0":{"name":"isWithinLast24Hours","decl":{"start":{"line":11,"column":9},"end":{"line":11,"column":28}},"loc":{"start":{"line":11,"column":70},"end":{"line":26,"column":1}}},"1":{"name":"getExchangeFeeWarning","decl":{"start":{"line":28,"column":9},"end":{"line":28,"column":30}},"loc":{"start":{"line":30,"column":28},"end":{"line":47,"column":1}}},"2":{"name":"(anonymous_2)","decl":{"start":{"line":37,"column":4},"end":{"line":37,"column":17}},"loc":{"start":{"line":37,"column":21},"end":{"line":37,"column":58}}},"3":{"name":"invalidAmountDecision","decl":{"start":{"line":49,"column":9},"end":{"line":49,"column":30}},"loc":{"start":{"line":49,"column":49},"end":{"line":58,"column":1}}},"4":{"name":"evaluatePurchase","decl":{"start":{"line":60,"column":16},"end":{"line":60,"column":32}},"loc":{"start":{"line":62,"column":28},"end":{"line":132,"column":1}}}},"branchMap":{"0":{"loc":{"start":{"line":12,"column":2},"end":{"line":14,"column":3}},"type":"if","locations":[{"start":{"line":12,"column":2},"end":{"line":14,"column":3}}]},"1":{"loc":{"start":{"line":19,"column":2},"end":{"line":21,"column":3}},"type":"if","locations":[{"start":{"line":19,"column":2},"end":{"line":21,"column":3}}]},"2":{"loc":{"start":{"line":19,"column":6},"end":{"line":19,"column":72}},"type":"binary-expr","locations":[{"start":{"line":19,"column":6},"end":{"line":19,"column":33}},{"start":{"line":19,"column":37},"end":{"line":19,"column":72}}]},"3":{"loc":{"start":{"line":25,"column":9},"end":{"line":25,"column":48}},"type":"binary-expr","locations":[{"start":{"line":25,"column":9},"end":{"line":25,"column":23}},{"start":{"line":25,"column":27},"end":{"line":25,"column":48}}]},"4":{"loc":{"start":{"line":32,"column":2},"end":{"line":34,"column":3}},"type":"if","locations":[{"start":{"line":32,"column":2},"end":{"line":34,"column":3}}]},"5":{"loc":{"start":{"line":40,"column":2},"end":{"line":42,"column":3}},"type":"if","locations":[{"start":{"line":40,"column":2},"end":{"line":42,"column":3}}]},"6":{"loc":{"start":{"line":40,"column":6},"end":{"line":40,"column":72}},"type":"binary-expr","locations":[{"start":{"line":40,"column":6},"end":{"line":40,"column":24}},{"start":{"line":40,"column":28},"end":{"line":40,"column":72}}]},"7":{"loc":{"start":{"line":64,"column":2},"end":{"line":66,"column":3}},"type":"if","locations":[{"start":{"line":64,"column":2},"end":{"line":66,"column":3}}]},"8":{"loc":{"start":{"line":69,"column":4},"end":{"line":69,"column":83}},"type":"binary-expr","locations":[{"start":{"line":69,"column":4},"end":{"line":69,"column":35}},{"start":{"line":69,"column":39},"end":{"line":69,"column":83}}]},"9":{"loc":{"start":{"line":72,"column":2},"end":{"line":88,"column":3}},"type":"if","locations":[{"start":{"line":72,"column":2},"end":{"line":88,"column":3}}]},"10":{"loc":{"start":{"line":73,"column":4},"end":{"line":74,"column":22}},"type":"binary-expr","locations":[{"start":{"line":73,"column":4},"end":{"line":73,"column":73}},{"start":{"line":74,"column":4},"end":{"line":74,"column":22}}]},"11":{"loc":{"start":{"line":85,"column":11},"end":{"line":87,"column":43}},"type":"cond-expr","locations":[{"start":{"line":86,"column":8},"end":{"line":86,"column":16}},{"start":{"line":87,"column":8},"end":{"line":87,"column":43}}]},"12":{"loc":{"start":{"line":90,"column":2},"end":{"line":103,"column":3}},"type":"if","locations":[{"start":{"line":90,"column":2},"end":{"line":103,"column":3}}]},"13":{"loc":{"start":{"line":100,"column":11},"end":{"line":102,"column":43}},"type":"cond-expr","locations":[{"start":{"line":101,"column":8},"end":{"line":101,"column":16}},{"start":{"line":102,"column":8},"end":{"line":102,"column":43}}]},"14":{"loc":{"start":{"line":105,"column":2},"end":{"line":118,"column":3}},"type":"if","locations":[{"start":{"line":105,"column":2},"end":{"line":118,"column":3}}]},"15":{"loc":{"start":{"line":115,"column":11},"end":{"line":117,"column":43}},"type":"cond-expr","locations":[{"start":{"line":116,"column":8},"end":{"line":116,"column":16}},{"start":{"line":117,"column":8},"end":{"line":117,"column":43}}]},"16":{"loc":{"start":{"line":129,"column":9},"end":{"line":131,"column":41}},"type":"cond-expr","locations":[{"start":{"line":130,"column":6},"end":{"line":130,"column":14}},{"start":{"line":131,"column":6},"end":{"line":131,"column":41}}]}},"s":{"0":1,"1":1,"2":1,"3":1,"4":1,"5":1,"6":11,"7":9,"8":2,"9":2,"10":2,"11":1,"12":1,"13":1,"14":11,"15":8,"16":3,"17":2,"18":3,"19":1,"20":2,"21":2,"22":4,"23":15,"24":4,"25":11,"26":11,"27":11,"28":1,"29":1,"30":10,"31":7,"32":7,"33":3,"34":1,"35":1,"36":2,"37":2},"f":{"0":11,"1":11,"2":2,"3":4,"4":15},"b":{"0":[9],"1":[1],"2":[2,1],"3":[1,1],"4":[8],"5":[1],"6":[3,2],"7":[4],"8":[11,11],"9":[1],"10":[11,1],"11":[1,0],"12":[7],"13":[6,1],"14":[1],"15":[1,0],"16":[1,1]}}
}
