{"C:\\Users\\ebrah\\SmartCard\\src\\engines\\cardRoleEngine.ts": {"path":"C:\\Users\\ebrah\\SmartCard\\src\\engines\\cardRoleEngine.ts","statementMap":{"0":{"start":{"line":33,"column":0},"end":{"line":33,"column":16}},"1":{"start":{"line":141,"column":0},"end":{"line":141,"column":16}},"2":{"start":{"line":1,"column":0},"end":{"line":1,"column":null}},"3":{"start":{"line":6,"column":0},"end":{"line":6,"column":59}},"4":{"start":{"line":9,"column":31},"end":{"line":9,"column":68}},"5":{"start":{"line":10,"column":31},"end":{"line":10,"column":75}},"6":{"start":{"line":11,"column":26},"end":{"line":11,"column":50}},"7":{"start":{"line":12,"column":26},"end":{"line":12,"column":54}},"8":{"start":{"line":14,"column":27},"end":{"line":14,"column":36}},"9":{"start":{"line":17,"column":2},"end":{"line":17,"column":60}},"10":{"start":{"line":21,"column":2},"end":{"line":21,"column":43}},"11":{"start":{"line":25,"column":2},"end":{"line":27,"column":3}},"12":{"start":{"line":26,"column":4},"end":{"line":26,"column":16}},"13":{"start":{"line":29,"column":20},"end":{"line":29,"column":33}},"14":{"start":{"line":30,"column":2},"end":{"line":30,"column":25}},"15":{"start":{"line":34,"column":2},"end":{"line":36,"column":3}},"16":{"start":{"line":35,"column":4},"end":{"line":35,"column":28}},"17":{"start":{"line":38,"column":20},"end":{"line":38,"column":42}},"18":{"start":{"line":39,"column":2},"end":{"line":41,"column":3}},"19":{"start":{"line":40,"column":4},"end":{"line":40,"column":21}},"20":{"start":{"line":43,"column":2},"end":{"line":48,"column":3}},"21":{"start":{"line":47,"column":4},"end":{"line":47,"column":27}},"22":{"start":{"line":50,"column":2},"end":{"line":52,"column":3}},"23":{"start":{"line":51,"column":4},"end":{"line":51,"column":34}},"24":{"start":{"line":54,"column":2},"end":{"line":56,"column":3}},"25":{"start":{"line":55,"column":4},"end":{"line":55,"column":30}},"26":{"start":{"line":58,"column":2},"end":{"line":60,"column":3}},"27":{"start":{"line":59,"column":4},"end":{"line":59,"column":33}},"28":{"start":{"line":62,"column":2},"end":{"line":64,"column":3}},"29":{"start":{"line":63,"column":4},"end":{"line":63,"column":29}},"30":{"start":{"line":66,"column":2},"end":{"line":66,"column":24}},"31":{"start":{"line":75,"column":2},"end":{"line":85,"column":3}},"32":{"start":{"line":79,"column":4},"end":{"line":84,"column":6}},"33":{"start":{"line":87,"column":14},"end":{"line":87,"column":16}},"34":{"start":{"line":88,"column":30},"end":{"line":88,"column":32}},"35":{"start":{"line":89,"column":30},"end":{"line":89,"column":32}},"36":{"start":{"line":91,"column":2},"end":{"line":95,"column":3}},"37":{"start":{"line":92,"column":4},"end":{"line":92,"column":16}},"38":{"start":{"line":93,"column":4},"end":{"line":93,"column":43}},"39":{"start":{"line":94,"column":4},"end":{"line":94,"column":43}},"40":{"start":{"line":97,"column":2},"end":{"line":101,"column":3}},"41":{"start":{"line":98,"column":4},"end":{"line":98,"column":16}},"42":{"start":{"line":99,"column":4},"end":{"line":99,"column":54}},"43":{"start":{"line":100,"column":4},"end":{"line":100,"column":59}},"44":{"start":{"line":103,"column":15},"end":{"line":103,"column":48}},"45":{"start":{"line":105,"column":2},"end":{"line":119,"column":3}},"46":{"start":{"line":106,"column":4},"end":{"line":110,"column":5}},"47":{"start":{"line":107,"column":6},"end":{"line":107,"column":18}},"48":{"start":{"line":108,"column":6},"end":{"line":108,"column":44}},"49":{"start":{"line":109,"column":6},"end":{"line":109,"column":48}},"50":{"start":{"line":112,"column":22},"end":{"line":112,"column":66}},"51":{"start":{"line":113,"column":4},"end":{"line":113,"column":23}},"52":{"start":{"line":115,"column":4},"end":{"line":118,"column":5}},"53":{"start":{"line":116,"column":6},"end":{"line":116,"column":56}},"54":{"start":{"line":117,"column":6},"end":{"line":117,"column":54}},"55":{"start":{"line":121,"column":2},"end":{"line":129,"column":3}},"56":{"start":{"line":126,"column":4},"end":{"line":126,"column":15}},"57":{"start":{"line":127,"column":4},"end":{"line":127,"column":43}},"58":{"start":{"line":128,"column":4},"end":{"line":128,"column":41}},"59":{"start":{"line":131,"column":2},"end":{"line":131,"column":47}},"60":{"start":{"line":133,"column":2},"end":{"line":138,"column":4}},"61":{"start":{"line":147,"column":22},"end":{"line":147,"column":79}},"62":{"start":{"line":147,"column":65},"end":{"line":147,"column":78}},"63":{"start":{"line":149,"column":2},"end":{"line":151,"column":3}},"64":{"start":{"line":150,"column":4},"end":{"line":150,"column":16}},"65":{"start":{"line":153,"column":22},"end":{"line":158,"column":null}},"66":{"start":{"line":155,"column":6},"end":{"line":155,"column":69}},"67":{"start":{"line":158,"column":6},"end":{"line":158,"column":44}},"68":{"start":{"line":161,"column":2},"end":{"line":163,"column":3}},"69":{"start":{"line":162,"column":4},"end":{"line":162,"column":16}},"70":{"start":{"line":165,"column":2},"end":{"line":177,"column":4}},"71":{"start":{"line":170,"column":6},"end":{"line":172,"column":7}},"72":{"start":{"line":171,"column":8},"end":{"line":171,"column":25}},"73":{"start":{"line":174,"column":6},"end":{"line":174,"column":18}}},"fnMap":{"0":{"name":"isValidRateFraction","decl":{"start":{"line":16,"column":9},"end":{"line":16,"column":28}},"loc":{"start":{"line":16,"column":42},"end":{"line":18,"column":1}}},"1":{"name":"clampScore","decl":{"start":{"line":20,"column":9},"end":{"line":20,"column":19}},"loc":{"start":{"line":20,"column":33},"end":{"line":22,"column":1}}},"2":{"name":"hasSingleRoleTag","decl":{"start":{"line":24,"column":9},"end":{"line":24,"column":25}},"loc":{"start":{"line":24,"column":41},"end":{"line":31,"column":1}}},"3":{"name":"assignCardRole","decl":{"start":{"line":33,"column":16},"end":{"line":33,"column":30}},"loc":{"start":{"line":33,"column":73},"end":{"line":67,"column":1}}},"4":{"name":"scoreCard","decl":{"start":{"line":69,"column":9},"end":{"line":69,"column":18}},"loc":{"start":{"line":73,"column":26},"end":{"line":139,"column":1}}},"5":{"name":"recommendCard","decl":{"start":{"line":141,"column":16},"end":{"line":141,"column":29}},"loc":{"start":{"line":145,"column":26},"end":{"line":178,"column":1}}},"6":{"name":"(anonymous_6)","decl":{"start":{"line":147,"column":35},"end":{"line":147,"column":36}},"loc":{"start":{"line":147,"column":65},"end":{"line":147,"column":78}}},"7":{"name":"(anonymous_7)","decl":{"start":{"line":154,"column":9},"end":{"line":154,"column":10}},"loc":{"start":{"line":155,"column":6},"end":{"line":155,"column":69}}},"8":{"name":"(anonymous_8)","decl":{"start":{"line":157,"column":12},"end":{"line":157,"column":13}},"loc":{"start":{"line":158,"column":6},"end":{"line":158,"column":44}}},"9":{"name":"(anonymous_9)","decl":{"start":{"line":166,"column":4},"end":{"line":166,"column":null}},"loc":{"start":{"line":169,"column":35},"end":{"line":175,"column":5}}}},"branchMap":{"0":{"loc":{"start":{"line":17,"column":9},"end":{"line":17,"column":59}},"type":"binary-expr","locations":[{"start":{"line":17,"column":9},"end":{"line":17,"column":31}},{"start":{"line":17,"column":35},"end":{"line":17,"column":45}},{"start":{"line":17,"column":49},"end":{"line":17,"column":59}}]},"1":{"loc":{"start":{"line":25,"column":2},"end":{"line":27,"column":3}},"type":"if","locations":[{"start":{"line":25,"column":2},"end":{"line":27,"column":3}}]},"2":{"loc":{"start":{"line":30,"column":9},"end":{"line":30,"column":24}},"type":"binary-expr","locations":[{"start":{"line":30,"column":9},"end":{"line":30,"column":16}},{"start":{"line":30,"column":20},"end":{"line":30,"column":24}}]},"3":{"loc":{"start":{"line":34,"column":2},"end":{"line":36,"column":3}},"type":"if","locations":[{"start":{"line":34,"column":2},"end":{"line":36,"column":3}}]},"4":{"loc":{"start":{"line":39,"column":2},"end":{"line":41,"column":3}},"type":"if","locations":[{"start":{"line":39,"column":2},"end":{"line":41,"column":3}}]},"5":{"loc":{"start":{"line":43,"column":2},"end":{"line":48,"column":3}},"type":"if","locations":[{"start":{"line":43,"column":2},"end":{"line":48,"column":3}}]},"6":{"loc":{"start":{"line":44,"column":4},"end":{"line":45,"column":39}},"type":"binary-expr","locations":[{"start":{"line":44,"column":4},"end":{"line":44,"column":59}},{"start":{"line":45,"column":4},"end":{"line":45,"column":39}}]},"7":{"loc":{"start":{"line":50,"column":2},"end":{"line":52,"column":3}},"type":"if","locations":[{"start":{"line":50,"column":2},"end":{"line":52,"column":3}}]},"8":{"loc":{"start":{"line":54,"column":2},"end":{"line":56,"column":3}},"type":"if","locations":[{"start":{"line":54,"column":2},"end":{"line":56,"column":3}}]},"9":{"loc":{"start":{"line":58,"column":2},"end":{"line":60,"column":3}},"type":"if","locations":[{"start":{"line":58,"column":2},"end":{"line":60,"column":3}}]},"10":{"loc":{"start":{"line":58,"column":6},"end":{"line":58,"column":80}},"type":"binary-expr","locations":[{"start":{"line":58,"column":6},"end":{"line":58,"column":31}},{"start":{"line":58,"column":35},"end":{"line":58,"column":80}}]},"11":{"loc":{"start":{"line":62,"column":2},"end":{"line":64,"column":3}},"type":"if","locations":[{"start":{"line":62,"column":2},"end":{"line":64,"column":3}}]},"12":{"loc":{"start":{"line":75,"column":2},"end":{"line":85,"column":3}},"type":"if","locations":[{"start":{"line":75,"column":2},"end":{"line":85,"column":3}}]},"13":{"loc":{"start":{"line":76,"column":4},"end":{"line":77,"column":52}},"type":"binary-expr","locations":[{"start":{"line":76,"column":4},"end":{"line":76,"column":43}},{"start":{"line":77,"column":4},"end":{"line":77,"column":52}}]},"14":{"loc":{"start":{"line":91,"column":2},"end":{"line":95,"column":3}},"type":"if","locations":[{"start":{"line":91,"column":2},"end":{"line":95,"column":3}}]},"15":{"loc":{"start":{"line":97,"column":2},"end":{"line":101,"column":3}},"type":"if","locations":[{"start":{"line":97,"column":2},"end":{"line":101,"column":3}}]},"16":{"loc":{"start":{"line":105,"column":2},"end":{"line":119,"column":3}},"type":"if","locations":[{"start":{"line":105,"column":2},"end":{"line":119,"column":3}}]},"17":{"loc":{"start":{"line":106,"column":4},"end":{"line":110,"column":5}},"type":"if","locations":[{"start":{"line":106,"column":4},"end":{"line":110,"column":5}}]},"18":{"loc":{"start":{"line":115,"column":4},"end":{"line":118,"column":5}},"type":"if","locations":[{"start":{"line":115,"column":4},"end":{"line":118,"column":5}}]},"19":{"loc":{"start":{"line":121,"column":2},"end":{"line":129,"column":3}},"type":"if","locations":[{"start":{"line":121,"column":2},"end":{"line":129,"column":3}}]},"20":{"loc":{"start":{"line":122,"column":4},"end":{"line":124,"column":42}},"type":"binary-expr","locations":[{"start":{"line":122,"column":4},"end":{"line":122,"column":38}},{"start":{"line":123,"column":4},"end":{"line":123,"column":31}},{"start":{"line":124,"column":4},"end":{"line":124,"column":42}}]},"21":{"loc":{"start":{"line":136,"column":17},"end":{"line":136,"column":80}},"type":"cond-expr","locations":[{"start":{"line":136,"column":40},"end":{"line":136,"column":60}},{"start":{"line":136,"column":63},"end":{"line":136,"column":80}}]},"22":{"loc":{"start":{"line":137,"column":19},"end":{"line":137,"column":82}},"type":"cond-expr","locations":[{"start":{"line":137,"column":42},"end":{"line":137,"column":62}},{"start":{"line":137,"column":65},"end":{"line":137,"column":82}}]},"23":{"loc":{"start":{"line":149,"column":2},"end":{"line":151,"column":3}},"type":"if","locations":[{"start":{"line":149,"column":2},"end":{"line":151,"column":3}}]},"24":{"loc":{"start":{"line":161,"column":2},"end":{"line":163,"column":3}},"type":"if","locations":[{"start":{"line":161,"column":2},"end":{"line":163,"column":3}}]},"25":{"loc":{"start":{"line":170,"column":6},"end":{"line":172,"column":7}},"type":"if","locations":[{"start":{"line":170,"column":6},"end":{"line":172,"column":7}}]},"26":{"loc":{"start":{"line":170,"column":10},"end":{"line":170,"column":55}},"type":"binary-expr","locations":[{"start":{"line":170,"column":10},"end":{"line":170,"column":23}},{"start":{"line":170,"column":27},"end":{"line":170,"column":55}}]}},"s":{"0":2,"1":2,"2":2,"3":2,"4":2,"5":2,"6":2,"7":2,"8":2,"9":56,"10":22,"11":16,"12":6,"13":10,"14":10,"15":30,"16":14,"17":16,"18":16,"19":10,"20":6,"21":1,"22":5,"23":1,"24":4,"25":1,"26":3,"27":1,"28":2,"29":1,"30":1,"31":30,"32":8,"33":22,"34":22,"35":22,"36":22,"37":1,"38":1,"39":1,"40":22,"41":19,"42":19,"43":19,"44":22,"45":22,"46":3,"47":2,"48":2,"49":2,"50":3,"51":3,"52":3,"53":1,"54":1,"55":22,"56":2,"57":2,"58":2,"59":22,"60":22,"61":19,"62":31,"63":19,"64":1,"65":18,"66":30,"67":30,"68":18,"69":1,"70":17,"71":22,"72":21,"73":1},"f":{"0":56,"1":22,"2":16,"3":30,"4":30,"5":19,"6":31,"7":30,"8":30,"9":22},"b":{"0":[56,54,51],"1":[6],"2":[10,0],"3":[14],"4":[10],"5":[1],"6":[6,6],"7":[1],"8":[1],"9":[1],"10":[3,3],"11":[1],"12":[8],"13":[30,26],"14":[1],"15":[19],"16":[3],"17":[2],"18":[1],"19":[2],"20":[22,22,3],"21":[20,2],"22":[20,2],"23":[1],"24":[1],"25":[21],"26":[22,5]}}
,"C:\\Users\\ebrah\\SmartCard\\src\\engines\\purchaseGate.ts": {"path":"C:\\Users\\ebrah\\SmartCard\\src\\engines\\purchaseGate.ts","statementMap":{"0":{"start":{"line":102,"column":0},"end":{"line":102,"column":16}},"1":{"start":{"line":1,"column":0},"end":{"line":1,"column":54}},"2":{"start":{"line":8,"column":0},"end":{"line":8,"column":58}},"3":{"start":{"line":10,"column":30},"end":{"line":10,"column":33}},"4":{"start":{"line":11,"column":33},"end":{"line":11,"column":37}},"5":{"start":{"line":12,"column":34},"end":{"line":12,"column":38}},"6":{"start":{"line":13,"column":34},"end":{"line":13,"column":37}},"7":{"start":{"line":14,"column":34},"end":{"line":14,"column":37}},"8":{"start":{"line":23,"column":37},"end":{"line":30,"column":4}},"9":{"start":{"line":32,"column":2},"end":{"line":34,"column":42}},"10":{"start":{"line":41,"column":2},"end":{"line":43,"column":4}},"11":{"start":{"line":42,"column":21},"end":{"line":42,"column":58}},"12":{"start":{"line":50,"column":2},"end":{"line":52,"column":3}},"13":{"start":{"line":51,"column":4},"end":{"line":51,"column":21}},"14":{"start":{"line":54,"column":15},"end":{"line":54,"column":48}},"15":{"start":{"line":56,"column":2},"end":{"line":58,"column":3}},"16":{"start":{"line":57,"column":4},"end":{"line":57,"column":21}},"17":{"start":{"line":60,"column":21},"end":{"line":60,"column":66}},"18":{"start":{"line":62,"column":2},"end":{"line":62,"column":74}},"19":{"start":{"line":69,"column":2},"end":{"line":81,"column":5}},"20":{"start":{"line":70,"column":4},"end":{"line":72,"column":5}},"21":{"start":{"line":71,"column":6},"end":{"line":71,"column":18}},"22":{"start":{"line":74,"column":4},"end":{"line":80,"column":6}},"23":{"start":{"line":88,"column":15},"end":{"line":88,"column":48}},"24":{"start":{"line":90,"column":2},"end":{"line":97,"column":3}},"25":{"start":{"line":96,"column":4},"end":{"line":96,"column":16}},"26":{"start":{"line":99,"column":2},"end":{"line":99,"column":85}},"27":{"start":{"line":106,"column":2},"end":{"line":113,"column":3}},"28":{"start":{"line":107,"column":4},"end":{"line":112,"column":6}},"29":{"start":{"line":115,"column":2},"end":{"line":125,"column":3}},"30":{"start":{"line":119,"column":4},"end":{"line":124,"column":6}},"31":{"start":{"line":127,"column":2},"end":{"line":134,"column":3}},"32":{"start":{"line":128,"column":4},"end":{"line":133,"column":6}},"33":{"start":{"line":136,"column":29},"end":{"line":136,"column":68}},"34":{"start":{"line":138,"column":27},"end":{"line":141,"column":null}},"35":{"start":{"line":144,"column":2},"end":{"line":152,"column":3}},"36":{"start":{"line":145,"column":4},"end":{"line":151,"column":6}},"37":{"start":{"line":154,"column":28},"end":{"line":154,"column":79}},"38":{"start":{"line":156,"column":2},"end":{"line":167,"column":3}},"39":{"start":{"line":160,"column":4},"end":{"line":166,"column":6}},"40":{"start":{"line":169,"column":29},"end":{"line":169,"column":70}},"41":{"start":{"line":170,"column":22},"end":{"line":170,"column":66}},"42":{"start":{"line":172,"column":2},"end":{"line":180,"column":3}},"43":{"start":{"line":173,"column":4},"end":{"line":179,"column":6}},"44":{"start":{"line":182,"column":2},"end":{"line":194,"column":3}},"45":{"start":{"line":187,"column":4},"end":{"line":193,"column":6}},"46":{"start":{"line":196,"column":2},"end":{"line":207,"column":3}},"47":{"start":{"line":200,"column":4},"end":{"line":206,"column":6}},"48":{"start":{"line":209,"column":2},"end":{"line":217,"column":3}},"49":{"start":{"line":210,"column":4},"end":{"line":216,"column":6}},"50":{"start":{"line":219,"column":2},"end":{"line":225,"column":4}}},"fnMap":{"0":{"name":"buildDecision","decl":{"start":{"line":16,"column":9},"end":{"line":16,"column":22}},"loc":{"start":{"line":21,"column":29},"end":{"line":35,"column":1}}},"1":{"name":"getSelectedCard","decl":{"start":{"line":37,"column":9},"end":{"line":37,"column":24}},"loc":{"start":{"line":39,"column":30},"end":{"line":44,"column":1}}},"2":{"name":"(anonymous_2)","decl":{"start":{"line":42,"column":4},"end":{"line":42,"column":17}},"loc":{"start":{"line":42,"column":21},"end":{"line":42,"column":58}}},"3":{"name":"getExchangeFeeWarning","decl":{"start":{"line":46,"column":9},"end":{"line":46,"column":30}},"loc":{"start":{"line":48,"column":30},"end":{"line":63,"column":1}}},"4":{"name":"getCardsWithPendingPurchase","decl":{"start":{"line":65,"column":9},"end":{"line":65,"column":36}},"loc":{"start":{"line":67,"column":30},"end":{"line":82,"column":1}}},"5":{"name":"(anonymous_5)","decl":{"start":{"line":69,"column":38},"end":{"line":69,"column":39}},"loc":{"start":{"line":69,"column":92},"end":{"line":81,"column":3}}},"6":{"name":"getCreditUtilizationAfterPurchase","decl":{"start":{"line":84,"column":9},"end":{"line":84,"column":42}},"loc":{"start":{"line":86,"column":30},"end":{"line":100,"column":1}}},"7":{"name":"evaluatePurchase","decl":{"start":{"line":102,"column":16},"end":{"line":102,"column":32}},"loc":{"start":{"line":104,"column":30},"end":{"line":226,"column":1}}}},"branchMap":{"0":{"loc":{"start":{"line":32,"column":9},"end":{"line":34,"column":41}},"type":"cond-expr","locations":[{"start":{"line":33,"column":6},"end":{"line":33,"column":14}},{"start":{"line":34,"column":6},"end":{"line":34,"column":41}}]},"1":{"loc":{"start":{"line":50,"column":2},"end":{"line":52,"column":3}},"type":"if","locations":[{"start":{"line":50,"column":2},"end":{"line":52,"column":3}}]},"2":{"loc":{"start":{"line":56,"column":2},"end":{"line":58,"column":3}},"type":"if","locations":[{"start":{"line":56,"column":2},"end":{"line":58,"column":3}}]},"3":{"loc":{"start":{"line":56,"column":6},"end":{"line":56,"column":72}},"type":"binary-expr","locations":[{"start":{"line":56,"column":6},"end":{"line":56,"column":24}},{"start":{"line":56,"column":28},"end":{"line":56,"column":72}}]},"4":{"loc":{"start":{"line":70,"column":4},"end":{"line":72,"column":5}},"type":"if","locations":[{"start":{"line":70,"column":4},"end":{"line":72,"column":5}}]},"5":{"loc":{"start":{"line":90,"column":2},"end":{"line":97,"column":3}},"type":"if","locations":[{"start":{"line":90,"column":2},"end":{"line":97,"column":3}}]},"6":{"loc":{"start":{"line":91,"column":4},"end":{"line":94,"column":37}},"type":"binary-expr","locations":[{"start":{"line":91,"column":4},"end":{"line":91,"column":22}},{"start":{"line":92,"column":4},"end":{"line":92,"column":54}},{"start":{"line":93,"column":4},"end":{"line":93,"column":51}},{"start":{"line":94,"column":4},"end":{"line":94,"column":37}}]},"7":{"loc":{"start":{"line":106,"column":2},"end":{"line":113,"column":3}},"type":"if","locations":[{"start":{"line":106,"column":2},"end":{"line":113,"column":3}}]},"8":{"loc":{"start":{"line":115,"column":2},"end":{"line":125,"column":3}},"type":"if","locations":[{"start":{"line":115,"column":2},"end":{"line":125,"column":3}}]},"9":{"loc":{"start":{"line":116,"column":4},"end":{"line":117,"column":54}},"type":"binary-expr","locations":[{"start":{"line":116,"column":4},"end":{"line":116,"column":52}},{"start":{"line":117,"column":4},"end":{"line":117,"column":54}}]},"10":{"loc":{"start":{"line":127,"column":2},"end":{"line":134,"column":3}},"type":"if","locations":[{"start":{"line":127,"column":2},"end":{"line":134,"column":3}}]},"11":{"loc":{"start":{"line":144,"column":2},"end":{"line":152,"column":3}},"type":"if","locations":[{"start":{"line":144,"column":2},"end":{"line":152,"column":3}}]},"12":{"loc":{"start":{"line":156,"column":2},"end":{"line":167,"column":3}},"type":"if","locations":[{"start":{"line":156,"column":2},"end":{"line":167,"column":3}}]},"13":{"loc":{"start":{"line":157,"column":4},"end":{"line":158,"column":49}},"type":"binary-expr","locations":[{"start":{"line":157,"column":4},"end":{"line":157,"column":30}},{"start":{"line":158,"column":4},"end":{"line":158,"column":49}}]},"14":{"loc":{"start":{"line":172,"column":2},"end":{"line":180,"column":3}},"type":"if","locations":[{"start":{"line":172,"column":2},"end":{"line":180,"column":3}}]},"15":{"loc":{"start":{"line":182,"column":2},"end":{"line":194,"column":3}},"type":"if","locations":[{"start":{"line":182,"column":2},"end":{"line":194,"column":3}}]},"16":{"loc":{"start":{"line":183,"column":4},"end":{"line":185,"column":44}},"type":"binary-expr","locations":[{"start":{"line":183,"column":4},"end":{"line":183,"column":22}},{"start":{"line":184,"column":4},"end":{"line":184,"column":43}},{"start":{"line":185,"column":4},"end":{"line":185,"column":44}}]},"17":{"loc":{"start":{"line":196,"column":2},"end":{"line":207,"column":3}},"type":"if","locations":[{"start":{"line":196,"column":2},"end":{"line":207,"column":3}}]},"18":{"loc":{"start":{"line":197,"column":4},"end":{"line":198,"column":49}},"type":"binary-expr","locations":[{"start":{"line":197,"column":4},"end":{"line":197,"column":30}},{"start":{"line":198,"column":4},"end":{"line":198,"column":49}}]},"19":{"loc":{"start":{"line":209,"column":2},"end":{"line":217,"column":3}},"type":"if","locations":[{"start":{"line":209,"column":2},"end":{"line":217,"column":3}}]}},"s":{"0":2,"1":2,"2":2,"3":2,"4":2,"5":2,"6":2,"7":2,"8":44,"9":44,"10":17,"11":15,"12":19,"13":16,"14":3,"15":3,"16":1,"17":2,"18":2,"19":19,"20":18,"21":0,"22":18,"23":14,"24":14,"25":1,"26":13,"27":44,"28":9,"29":35,"30":10,"31":25,"32":6,"33":19,"34":19,"35":19,"36":5,"37":14,"38":14,"39":2,"40":12,"41":12,"42":12,"43":0,"44":12,"45":1,"46":11,"47":1,"48":10,"49":2,"50":8},"f":{"0":44,"1":17,"2":15,"3":19,"4":19,"5":18,"6":14,"7":44},"b":{"0":[42,2],"1":[16],"2":[1],"3":[3,2],"4":[0],"5":[1],"6":[14,13,13,13],"7":[9],"8":[10],"9":[35,30],"10":[6],"11":[5],"12":[2],"13":[14,13],"14":[0],"15":[1],"16":[12,1,1],"17":[1],"18":[11,10],"19":[2]}}
}
