TN:
SF:src\engines\cardRoleEngine.ts
FN:18,getEffectiveFxCommission
FN:48,isValidRateFraction
FN:52,clampScore
FN:56,hasSingleRoleTag
FN:65,assignCardRole
FN:101,scoreCard
FN:184,recommendCard
FN:191,(anonymous_7)
FN:198,(anonymous_8)
FN:207,(anonymous_9)
FN:216,(anonymous_10)
FNF:11
FNH:11
FNDA:8,getEffectiveFxCommission
FNDA:64,isValidRateFraction
FNDA:26,clampScore
FNDA:20,hasSingleRoleTag
FNDA:34,assignCardRole
FNDA:34,scoreCard
FNDA:21,recommendCard
FNDA:35,(anonymous_7)
FNDA:34,(anonymous_8)
FNDA:34,(anonymous_9)
FNDA:26,(anonymous_10)
DA:1,2
DA:6,2
DA:18,2
DA:22,8
DA:23,3
DA:27,2
DA:29,1
DA:30,1
DA:34,5
DA:35,2
DA:38,3
DA:41,2
DA:42,2
DA:43,2
DA:44,2
DA:46,2
DA:49,64
DA:53,26
DA:57,20
DA:58,6
DA:61,14
DA:62,14
DA:65,2
DA:66,34
DA:67,14
DA:70,20
DA:71,20
DA:72,14
DA:75,6
DA:79,1
DA:82,5
DA:83,1
DA:86,4
DA:87,1
DA:90,3
DA:91,1
DA:94,2
DA:95,1
DA:98,1
DA:108,34
DA:112,8
DA:120,26
DA:121,26
DA:122,26
DA:124,26
DA:125,1
DA:126,1
DA:127,1
DA:130,26
DA:131,22
DA:132,22
DA:133,22
DA:136,26
DA:138,26
DA:139,5
DA:140,2
DA:141,2
DA:142,2
DA:145,5
DA:146,5
DA:149,5
DA:153,5
DA:155,1
DA:156,1
DA:157,1
DA:158,4
DA:159,1
DA:160,1
DA:164,26
DA:169,2
DA:170,2
DA:171,2
DA:174,26
DA:176,26
DA:184,2
DA:191,35
DA:193,21
DA:194,1
DA:197,20
DA:199,34
DA:208,34
DA:211,20
DA:212,1
DA:215,19
DA:220,26
DA:221,24
DA:224,2
LF:87
LH:87
BRDA:22,0,0,3
BRDA:23,1,0,2
BRDA:24,2,0,3
BRDA:24,2,1,3
BRDA:29,3,0,1
BRDA:34,4,0,2
BRDA:49,5,0,64
BRDA:49,5,1,62
BRDA:49,5,2,59
BRDA:57,6,0,6
BRDA:62,7,0,14
BRDA:62,7,1,0
BRDA:66,8,0,14
BRDA:71,9,0,14
BRDA:75,10,0,1
BRDA:76,11,0,6
BRDA:76,11,1,6
BRDA:82,12,0,1
BRDA:86,13,0,1
BRDA:90,14,0,1
BRDA:90,15,0,3
BRDA:90,15,1,3
BRDA:94,16,0,1
BRDA:108,17,0,8
BRDA:109,18,0,34
BRDA:109,18,1,30
BRDA:124,19,0,1
BRDA:130,20,0,22
BRDA:138,21,0,5
BRDA:139,22,0,2
BRDA:149,23,0,5
BRDA:149,23,1,1
BRDA:149,23,2,1
BRDA:153,24,0,1
BRDA:153,24,1,4
BRDA:158,25,0,1
BRDA:164,26,0,2
BRDA:165,27,0,26
BRDA:165,27,1,26
BRDA:165,27,2,3
BRDA:179,28,0,24
BRDA:179,28,1,2
BRDA:180,29,0,24
BRDA:180,29,1,2
BRDA:193,30,0,1
BRDA:211,31,0,1
BRDA:220,32,0,24
BRDA:220,33,0,26
BRDA:220,33,1,7
BRF:49
BRH:48
end_of_record
TN:
SF:src\engines\purchaseGate.ts
FN:16,buildDecision
FN:37,getSelectedCard
FN:42,(anonymous_2)
FN:46,getExchangeFeeWarning
FN:65,getCardsWithPendingPurchase
FN:69,(anonymous_5)
FN:84,getCreditUtilizationAfterPurchase
FN:102,evaluatePurchase
FNF:8
FNH:8
FNDA:44,buildDecision
FNDA:17,getSelectedCard
FNDA:15,(anonymous_2)
FNDA:19,getExchangeFeeWarning
FNDA:19,getCardsWithPendingPurchase
FNDA:18,(anonymous_5)
FNDA:14,getCreditUtilizationAfterPurchase
FNDA:44,evaluatePurchase
DA:1,2
DA:8,2
DA:10,2
DA:11,2
DA:12,2
DA:13,2
DA:14,2
DA:23,44
DA:32,44
DA:41,17
DA:42,15
DA:50,19
DA:51,16
DA:54,3
DA:56,3
DA:57,1
DA:60,2
DA:62,2
DA:69,19
DA:70,18
DA:71,0
DA:74,18
DA:88,14
DA:90,14
DA:96,1
DA:99,13
DA:102,2
DA:106,44
DA:107,9
DA:115,35
DA:119,10
DA:127,25
DA:128,6
DA:136,19
DA:138,19
DA:144,19
DA:145,5
DA:154,14
DA:156,14
DA:160,2
DA:169,12
DA:170,12
DA:172,12
DA:173,0
DA:182,12
DA:187,1
DA:196,11
DA:200,1
DA:209,10
DA:210,2
DA:219,8
LF:51
LH:49
BRDA:32,0,0,42
BRDA:32,0,1,2
BRDA:50,1,0,16
BRDA:56,2,0,1
BRDA:56,3,0,3
BRDA:56,3,1,2
BRDA:70,4,0,0
BRDA:90,5,0,1
BRDA:91,6,0,14
BRDA:91,6,1,13
BRDA:91,6,2,13
BRDA:91,6,3,13
BRDA:106,7,0,9
BRDA:115,8,0,10
BRDA:116,9,0,35
BRDA:116,9,1,30
BRDA:127,10,0,6
BRDA:144,11,0,5
BRDA:156,12,0,2
BRDA:157,13,0,14
BRDA:157,13,1,13
BRDA:172,14,0,0
BRDA:182,15,0,1
BRDA:183,16,0,12
BRDA:183,16,1,1
BRDA:183,16,2,1
BRDA:196,17,0,1
BRDA:197,18,0,11
BRDA:197,18,1,10
BRDA:209,19,0,2
BRF:30
BRH:28
end_of_record
