TN:
SF:src\engines\cardRoleEngine.ts
FN:14,clampScore
FN:18,hasSingleRoleTag
FN:27,assignCardRole
FN:63,scoreCard
FN:123,recommendCard
FN:129,(anonymous_5)
FN:136,(anonymous_6)
FNF:7
FNH:7
FNDA:12,clampScore
FNDA:16,hasSingleRoleTag
FNDA:20,assignCardRole
FNDA:12,scoreCard
FNDA:8,recommendCard
FNDA:13,(anonymous_5)
FNDA:12,(anonymous_6)
DA:1,1
DA:6,1
DA:9,1
DA:10,1
DA:11,1
DA:12,1
DA:15,12
DA:19,16
DA:20,6
DA:23,10
DA:24,10
DA:27,1
DA:28,20
DA:29,4
DA:32,16
DA:33,16
DA:34,10
DA:37,6
DA:41,1
DA:44,5
DA:45,1
DA:48,4
DA:49,1
DA:52,3
DA:53,1
DA:56,2
DA:57,1
DA:60,1
DA:69,12
DA:70,12
DA:71,12
DA:73,12
DA:74,1
DA:75,1
DA:76,1
DA:79,12
DA:80,9
DA:81,9
DA:82,9
DA:85,12
DA:87,12
DA:88,3
DA:89,2
DA:90,2
DA:91,2
DA:94,3
DA:95,3
DA:97,3
DA:98,1
DA:99,1
DA:103,12
DA:108,2
DA:109,2
DA:110,2
DA:113,12
DA:115,12
DA:123,1
DA:129,13
DA:131,8
DA:132,1
DA:135,7
DA:137,12
DA:139,12
DA:140,11
DA:143,1
LF:65
LH:65
BRDA:19,0,0,6
BRDA:24,1,0,10
BRDA:24,1,1,0
BRDA:28,2,0,4
BRDA:33,3,0,10
BRDA:37,4,0,1
BRDA:38,5,0,6
BRDA:38,5,1,6
BRDA:44,6,0,1
BRDA:48,7,0,1
BRDA:52,8,0,1
BRDA:52,9,0,3
BRDA:52,9,1,3
BRDA:56,10,0,1
BRDA:73,11,0,1
BRDA:79,12,0,9
BRDA:87,13,0,3
BRDA:88,14,0,2
BRDA:97,15,0,1
BRDA:103,16,0,2
BRDA:104,17,0,12
BRDA:104,17,1,12
BRDA:104,17,2,3
BRDA:118,18,0,10
BRDA:118,18,1,2
BRDA:119,19,0,10
BRDA:119,19,1,2
BRDA:131,20,0,1
BRDA:139,21,0,11
BRDA:139,22,0,12
BRDA:139,22,1,5
BRF:31
BRH:30
end_of_record
TN:
SF:src\engines\purchaseGate.ts
FN:11,isWithinLast24Hours
FN:28,getExchangeFeeWarning
FN:37,(anonymous_2)
FN:49,invalidAmountDecision
FN:60,evaluatePurchase
FNF:5
FNH:5
FNDA:11,isWithinLast24Hours
FNDA:11,getExchangeFeeWarning
FNDA:2,(anonymous_2)
FNDA:4,invalidAmountDecision
FNDA:15,evaluatePurchase
DA:4,1
DA:5,1
DA:7,1
DA:8,1
DA:9,1
DA:12,11
DA:13,9
DA:16,2
DA:17,2
DA:19,2
DA:20,1
DA:23,1
DA:25,1
DA:32,11
DA:33,8
DA:36,3
DA:37,2
DA:40,3
DA:41,1
DA:44,2
DA:46,2
DA:50,4
DA:60,1
DA:64,15
DA:65,4
DA:69,11
DA:70,11
DA:72,11
DA:76,1
DA:85,1
DA:90,10
DA:91,7
DA:100,7
DA:105,3
DA:106,1
DA:115,1
DA:120,2
DA:129,2
LF:38
LH:38
BRDA:12,0,0,9
BRDA:19,1,0,1
BRDA:19,2,0,2
BRDA:19,2,1,1
BRDA:25,3,0,1
BRDA:25,3,1,1
BRDA:32,4,0,8
BRDA:40,5,0,1
BRDA:40,6,0,3
BRDA:40,6,1,2
BRDA:64,7,0,4
BRDA:69,8,0,11
BRDA:69,8,1,11
BRDA:72,9,0,1
BRDA:73,10,0,11
BRDA:73,10,1,1
BRDA:85,11,0,1
BRDA:85,11,1,0
BRDA:90,12,0,7
BRDA:100,13,0,6
BRDA:100,13,1,1
BRDA:105,14,0,1
BRDA:115,15,0,1
BRDA:115,15,1,0
BRDA:129,16,0,1
BRDA:129,16,1,1
BRF:26
BRH:24
end_of_record
